<?xml version="1.0" encoding="UTF-8"?>
<!-- Generated by org.testng.reporters.JUnitXMLReporter -->
<testsuite hostname="Surakshitha" ignored="2" name="Test1" tests="2" failures="0" timestamp="06 Dec 2021 04:47:05 GMT" time="102.367" errors="0">
  <testcase name="createOrgIndTypeTest" time="31.279" classname="com.crm.comcast.organisationTest.Nov29.CreateOrgIndTypeTest"/>
  <testcase name="createOrgTest" time="27.592" classname="com.crm.comcast.organisationTest.Nov29.CreateOrgTest"/>
  <testcase name="@BeforeSuite connectToDatabase" time="0.0" classname="com.vtiger.comcast.genericUtility.BaseClass">
    <ignored/>
  </testcase> <!-- @BeforeSuite connectToDatabase -->
  <testcase name="@AfterSuite closeDatabase" time="0.0" classname="com.vtiger.comcast.genericUtility.BaseClass">
    <ignored/>
  </testcase> <!-- @AfterSuite closeDatabase -->
</testsuite> <!-- Test1 -->
