<?xml version="1.0" encoding="UTF-8"?>
<!-- Generated by org.testng.reporters.JUnitXMLReporter -->
<testsuite hostname="Surakshitha" ignored="2" name="Test3" tests="2" failures="0" timestamp="05 Dec 2021 08:14:30 GMT" time="122.424" errors="0">
  <testcase name="createOrgIndTypeTest" time="36.024" classname="com.crm.comcast.organisationTest.Nov29.CreateOrgIndTypeTest"/>
  <testcase name="createOrgTest" time="32.827" classname="com.crm.comcast.organisationTest.Nov29.CreateOrgTest"/>
  <testcase name="@BeforeSuite connectToDatabase" time="0.0" classname="com.vtiger.comcast.genericUtility.BaseClass">
    <ignored/>
  </testcase> <!-- @BeforeSuite connectToDatabase -->
  <testcase name="@AfterSuite closeDatabase" time="0.0" classname="com.vtiger.comcast.genericUtility.BaseClass">
    <ignored/>
  </testcase> <!-- @AfterSuite closeDatabase -->
</testsuite> <!-- Test3 -->
