<?xml version="1.0" encoding="UTF-8"?>
<!-- Generated by org.testng.reporters.JUnitXMLReporter -->
<testsuite hostname="Surakshitha" ignored="0" name="Test" tests="3" failures="0" timestamp="07 Dec 2021 11:07:40 GMT" time="106.529" errors="0">
  <testcase name="createContactsOrgSupDateTest" time="18.63" classname="com.crm.comcast.organizationsTest.Dec06.CreateContactsGroupTest"/>
  <testcase name="createContactsOrgTest" time="37.216" classname="com.crm.comcast.organizationsTest.Dec06.CreateContactsGroupTest"/>
  <testcase name="createContactsTest" time="18.022" classname="com.crm.comcast.organizationsTest.Dec06.CreateContactsGroupTest"/>
</testsuite> <!-- Test -->
