<?xml version="1.0" encoding="UTF-8"?>
<testng-results skipped="0" failed="0" ignored="0" total="1" passed="1">
  <reporter-output>
  </reporter-output>
  <suite name="Default suite" duration-ms="60" started-at="2021-12-10T07:13:19Z" finished-at="2021-12-10T07:13:19Z">
    <groups>
    </groups>
    <test name="Default test" duration-ms="60" started-at="2021-12-10T07:13:19Z" finished-at="2021-12-10T07:13:19Z">
      <class name="com.crm.SDET26_Git.DemoGitTest">
        <test-method status="PASS" signature="demoGitTest()[pri:0, instance:com.crm.SDET26_Git.DemoGitTest@2b98378d]" name="demoGitTest" duration-ms="16" started-at="2021-12-10T12:43:19Z" finished-at="2021-12-10T12:43:19Z">
          <reporter-output>
          </reporter-output>
        </test-method> <!-- demoGitTest -->
      </class> <!-- com.crm.SDET26_Git.DemoGitTest -->
    </test> <!-- Default test -->
  </suite> <!-- Default suite -->
</testng-results>
