<?xml version="1.0" encoding="UTF-8"?>
<testng-results skipped="0" failed="0" ignored="0" total="1" passed="1">
  <reporter-output>
  </reporter-output>
  <suite name="Default suite" duration-ms="65" started-at="2021-12-13T07:37:02Z" finished-at="2021-12-13T07:37:02Z">
    <groups>
    </groups>
    <test name="Default test" duration-ms="65" started-at="2021-12-13T07:37:02Z" finished-at="2021-12-13T07:37:02Z">
      <class name="com.crm.SDET26_Git.DemoLaunchTest">
        <test-method status="PASS" signature="demoLaunchTest()[pri:0, instance:com.crm.SDET26_Git.DemoLaunchTest@2b98378d]" name="demoLaunchTest" duration-ms="32" started-at="2021-12-13T13:07:02Z" finished-at="2021-12-13T13:07:02Z">
          <reporter-output>
          </reporter-output>
        </test-method> <!-- demoLaunchTest -->
      </class> <!-- com.crm.SDET26_Git.DemoLaunchTest -->
    </test> <!-- Default test -->
  </suite> <!-- Default suite -->
</testng-results>
